0 info it worked if it ends with ok
1 verbose cli [ 'node', '/usr/local/bin/npm', 'install', '-g', 'stylus' ]
2 info using npm@1.3.2
3 info using node@v0.10.13
4 verbose cache add [ 'stylus', null ]
5 verbose cache add name=undefined spec="stylus" args=["stylus",null]
6 verbose parsed url { protocol: null,
6 verbose parsed url   slashes: null,
6 verbose parsed url   auth: null,
6 verbose parsed url   host: null,
6 verbose parsed url   port: null,
6 verbose parsed url   hostname: null,
6 verbose parsed url   hash: null,
6 verbose parsed url   search: null,
6 verbose parsed url   query: null,
6 verbose parsed url   pathname: 'stylus',
6 verbose parsed url   path: 'stylus',
6 verbose parsed url   href: 'stylus' }
7 silly lockFile 27c0f414-stylus stylus
8 verbose lock stylus /Users/tobeyouth/.npm/27c0f414-stylus.lock
9 silly lockFile 27c0f414-stylus stylus
10 silly lockFile 27c0f414-stylus stylus
11 verbose addNamed [ 'stylus', '' ]
12 verbose addNamed [ null, '*' ]
13 silly lockFile 5140332e-stylus stylus@
14 verbose lock stylus@ /Users/tobeyouth/.npm/5140332e-stylus.lock
15 silly addNameRange { name: 'stylus', range: '*', hasData: false }
16 verbose url raw stylus
17 verbose url resolving [ 'https://registry.npmjs.org/', './stylus' ]
18 verbose url resolved https://registry.npmjs.org/stylus
19 info trying registry request attempt 1 at 21:42:03
20 verbose etag "23CF7J4T1ZYT6UU7JC6JJBF4T"
21 http GET https://registry.npmjs.org/stylus
22 http 304 https://registry.npmjs.org/stylus
23 silly registry.get cb [ 304,
23 silly registry.get   { server: 'CouchDB/1.3.1 (Erlang OTP/R15B03)',
23 silly registry.get     etag: '"23CF7J4T1ZYT6UU7JC6JJBF4T"',
23 silly registry.get     date: 'Fri, 18 Oct 2013 13:42:07 GMT',
23 silly registry.get     'content-length': '0' } ]
24 verbose etag stylus from cache
25 silly addNameRange number 2 { name: 'stylus', range: '*', hasData: true }
26 silly addNameRange versions [ 'stylus',
26 silly addNameRange   [ '0.0.1',
26 silly addNameRange     '0.0.2',
26 silly addNameRange     '0.1.0',
26 silly addNameRange     '0.2.0',
26 silly addNameRange     '0.2.1',
26 silly addNameRange     '0.3.0',
26 silly addNameRange     '0.3.1',
26 silly addNameRange     '0.4.0',
26 silly addNameRange     '0.4.1',
26 silly addNameRange     '0.5.0',
26 silly addNameRange     '0.5.1',
26 silly addNameRange     '0.5.2',
26 silly addNameRange     '0.5.3',
26 silly addNameRange     '0.6.0',
26 silly addNameRange     '0.6.2',
26 silly addNameRange     '0.6.3',
26 silly addNameRange     '0.6.4',
26 silly addNameRange     '0.6.5',
26 silly addNameRange     '0.6.6',
26 silly addNameRange     '0.6.7',
26 silly addNameRange     '0.7.0',
26 silly addNameRange     '0.7.1',
26 silly addNameRange     '0.7.2',
26 silly addNameRange     '0.7.3',
26 silly addNameRange     '0.7.4',
26 silly addNameRange     '0.8.0',
26 silly addNameRange     '0.9.0',
26 silly addNameRange     '0.9.1',
26 silly addNameRange     '0.9.2',
26 silly addNameRange     '0.10.0',
26 silly addNameRange     '0.11.0',
26 silly addNameRange     '0.11.1',
26 silly addNameRange     '0.11.2',
26 silly addNameRange     '0.11.3',
26 silly addNameRange     '0.11.4',
26 silly addNameRange     '0.11.5',
26 silly addNameRange     '0.11.6',
26 silly addNameRange     '0.11.7',
26 silly addNameRange     '0.11.8',
26 silly addNameRange     '0.11.9',
26 silly addNameRange     '0.11.10',
26 silly addNameRange     '0.11.11',
26 silly addNameRange     '0.11.12',
26 silly addNameRange     '0.12.0',
26 silly addNameRange     '0.12.1',
26 silly addNameRange     '0.12.2',
26 silly addNameRange     '0.12.3',
26 silly addNameRange     '0.12.4',
26 silly addNameRange     '0.13.0',
26 silly addNameRange     '0.13.1',
26 silly addNameRange     '0.13.2',
26 silly addNameRange     '0.13.3',
26 silly addNameRange     '0.13.4',
26 silly addNameRange     '0.13.5',
26 silly addNameRange     '0.13.6',
26 silly addNameRange     '0.13.7',
26 silly addNameRange     '0.13.8',
26 silly addNameRange     '0.13.9',
26 silly addNameRange     '0.14.0',
26 silly addNameRange     '0.15.0',
26 silly addNameRange     '0.15.1',
26 silly addNameRange     '0.15.2',
26 silly addNameRange     '0.15.3',
26 silly addNameRange     '0.15.4',
26 silly addNameRange     '0.16.0',
26 silly addNameRange     '0.17.0',
26 silly addNameRange     '0.18.0',
26 silly addNameRange     '0.19.0',
26 silly addNameRange     '0.19.1',
26 silly addNameRange     '0.19.2',
26 silly addNameRange     '0.19.3',
26 silly addNameRange     '0.19.4',
26 silly addNameRange     '0.19.5',
26 silly addNameRange     '0.19.6',
26 silly addNameRange     '0.19.7',
26 silly addNameRange     '0.19.8',
26 silly addNameRange     '0.20.0',
26 silly addNameRange     '0.20.1',
26 silly addNameRange     '0.21.0',
26 silly addNameRange     '0.21.1',
26 silly addNameRange     '0.21.2',
26 silly addNameRange     '0.22.0',
26 silly addNameRange     '0.22.1',
26 silly addNameRange     '0.22.2',
26 silly addNameRange     '0.22.3',
26 silly addNameRange     '0.22.4',
26 silly addNameRange     '0.22.5',
26 silly addNameRange     '0.22.6',
26 silly addNameRange     '0.23.0',
26 silly addNameRange     '0.24.0',
26 silly addNameRange     '0.25.0',
26 silly addNameRange     '0.26.0',
26 silly addNameRange     '0.26.1',
26 silly addNameRange     '0.27.0',
26 silly addNameRange     '0.27.1',
26 silly addNameRange     '0.27.2',
26 silly addNameRange     '0.28.0',
26 silly addNameRange     '0.28.1',
26 silly addNameRange     '0.28.2',
26 silly addNameRange     '0.29.0',
26 silly addNameRange     '0.30.0',
26 silly addNameRange     '0.30.1',
26 silly addNameRange     '0.31.0',
26 silly addNameRange     '0.32.0',
26 silly addNameRange     '0.32.1',
26 silly addNameRange     '0.33.0',
26 silly addNameRange     '0.33.1',
26 silly addNameRange     '0.34.0',
26 silly addNameRange     '0.34.1',
26 silly addNameRange     '0.35.0',
26 silly addNameRange     '0.35.1',
26 silly addNameRange     '0.36.0',
26 silly addNameRange     '0.36.1',
26 silly addNameRange     '0.37.0',
26 silly addNameRange     '0.38.0' ] ]
27 verbose addNamed [ 'stylus', '0.38.0' ]
28 verbose addNamed [ '0.38.0', '0.38.0' ]
29 silly lockFile 5116cc83-stylus-0-38-0 stylus@0.38.0
30 verbose lock stylus@0.38.0 /Users/tobeyouth/.npm/5116cc83-stylus-0-38-0.lock
31 silly lockFile 5116cc83-stylus-0-38-0 stylus@0.38.0
32 silly lockFile 5116cc83-stylus-0-38-0 stylus@0.38.0
33 silly lockFile 5140332e-stylus stylus@
34 silly lockFile 5140332e-stylus stylus@
35 silly resolved [ { name: 'stylus',
35 silly resolved     description: 'Robust, expressive, and feature-rich CSS superset',
35 silly resolved     version: '0.38.0',
35 silly resolved     author: { name: 'TJ Holowaychuk', email: 'tj@vision-media.ca' },
35 silly resolved     keywords: [ 'css', 'parser', 'style', 'stylesheets', 'jade', 'language' ],
35 silly resolved     repository: { type: 'git', url: 'git://github.com/LearnBoost/stylus' },
35 silly resolved     main: './index.js',
35 silly resolved     browserify: './lib/browserify.js',
35 silly resolved     engines: { node: '*' },
35 silly resolved     bin: { stylus: './bin/stylus' },
35 silly resolved     scripts: { prepublish: 'npm prune', test: 'make test' },
35 silly resolved     dependencies: { cssom: '0.2.x', mkdirp: '0.3.x', debug: '*', sax: '0.5.x' },
35 silly resolved     devDependencies: { should: '*', mocha: '*' },
35 silly resolved     readme: '# Stylus [![Build Status](https://travis-ci.org/LearnBoost/stylus.png?branch=master)](https://travis-ci.org/LearnBoost/stylus)\n\n Stylus is a revolutionary new language, providing an efficient, dynamic, and expressive way to generate CSS. Supporting both an indented syntax and regular CSS style.\n\n## Installation\n\n```bash\n$ npm install stylus\n```\n\n### Example\n\n```\nborder-radius()\n  -webkit-border-radius: arguments\n  -moz-border-radius: arguments\n  border-radius: arguments\n\nbody a\n  font: 12px/1.4 "Lucida Grande", Arial, sans-serif\n  background: black\n  color: #ccc\n\nform input\n  padding: 5px\n  border: 1px solid\n  border-radius: 5px\n```\n\ncompiles to:\n\n```css\nbody a {\n  font: 12px/1.4 "Lucida Grande", Arial, sans-serif;\n  background: #000;\n  color: #ccc;\n}\nform input {\n  padding: 5px;\n  border: 1px solid;\n  -webkit-border-radius: 5px;\n  -moz-border-radius: 5px;\n  border-radius: 5px;\n}\n```\n\nthe following is equivalent to the indented version of Stylus source, using the CSS syntax instead:\n\n```\nborder-radius() {\n  -webkit-border-radius: arguments\n  -moz-border-radius: arguments\n  border-radius: arguments\n}\n\nbody a {\n  font: 12px/1.4 "Lucida Grande", Arial, sans-serif;\n  background: black;\n  color: #ccc;\n}\n\nform input {\n  padding: 5px;\n  border: 1px solid;\n  border-radius: 5px;\n}\n```\n\n### Features\n\n Stylus has _many_ features.  Detailed documentation links follow:\n\n  - [css syntax](docs/css-style.md) support\n  - [mixins](docs/mixins.md)\n  - [keyword arguments](docs/kwargs.md)\n  - [variables](docs/variables.md)\n  - [interpolation](docs/interpolation.md)\n  - arithmetic, logical, and equality [operators](docs/operators.md)\n  - [importing](docs/import.md) of other stylus sheets\n  - [introspection api](docs/introspection.md)\n  - type coercion\n  - [@extend](docs/extend.md)\n  - [conditionals](docs/conditionals.md)\n  - [iteration](docs/iteration.md)\n  - nested [selectors](docs/selectors.md)\n  - parent reference\n  - in-language [functions](docs/functions.md)\n  - [variable arguments](docs/vargs.md)\n  - built-in [functions](docs/bifs.md) (over 25)\n  - optional [image inlining](docs/functions.url.md)\n  - optional compression\n  - JavaScript [API](docs/js.md)\n  - extremely terse syntax\n  - stylus [executable](docs/executable.md)\n  - [error reporting](docs/error-reporting.md)\n  - single-line and multi-line [comments](docs/comments.md)\n  - css [literal](docs/literal.md)\n  - character [escaping](docs/escape.md)\n  - [@keyframes](docs/keyframes.md) support & expansion\n  - [@font-face](docs/font-face.md) support\n  - [@media](docs/media.md) support\n  - Connect [Middleware](docs/middleware.md)\n  - TextMate [bundle](docs/textmate.md)\n  - Coda/SubEtha Edit [Syntax mode](https://github.com/atljeremy/Stylus.mode)\n  - gedit [language-spec](docs/gedit.md)\n  - VIM [Syntax](https://github.com/wavded/vim-stylus)\n  - [Firebug extension](docs/firebug.md)\n  - heroku [web service](http://styl.heroku.com) for compiling stylus\n  - [style guide](https://github.com/lepture/ganam) parser and generator\n  - transparent vendor-specific function expansion\n\n### Community modules\n\n  - https://github.com/LearnBoost/stylus/wiki\n\n### Framework Support\n\n   - [Connect](docs/middleware.md)\n   - [Play! 2.0](https://github.com/patiencelabs/play-stylus)\n   - [Ruby On Rails](https://github.com/lucasmazza/ruby-stylus)\n\n### CMS Support\n\n   - [DocPad](https://github.com/bevry/docpad)\n   - [Punch](https://github.com/laktek/punch-stylus-compiler)\n\n### Screencasts\n\n  - [Stylus Intro](http://screenr.com/bNY)\n  - [CSS Syntax & Postfix Conditionals](http://screenr.com/A8v)\n\n### Authors\n\n  - [TJ Holowaychuk (visionmedia)](http://github.com/visionmedia)\n\n### More Information\n\n  - Language [comparisons](docs/compare.md)\n\n## License \n\n(The MIT License)\n\nCopyright (c) 2010 LearnBoost &lt;dev@learnboost.com&gt;\n\nPermission is hereby granted, free of charge, to any person obtaining\na copy of this software and associated documentation files (the\n\'Software\'), to deal in the Software without restriction, including\nwithout limitation the rights to use, copy, modify, merge, publish,\ndistribute, sublicense, and/or sell copies of the Software, and to\npermit persons to whom the Software is furnished to do so, subject to\nthe following conditions:\n\nThe above copyright notice and this permission notice shall be\nincluded in all copies or substantial portions of the Software.\n\nTHE SOFTWARE IS PROVIDED \'AS IS\', WITHOUT WARRANTY OF ANY KIND,\nEXPRESS OR IMPLIED, INCLUDING BUT NOT LIMITED TO THE WARRANTIES OF\nMERCHANTABILITY, FITNESS FOR A PARTICULAR PURPOSE AND NONINFRINGEMENT.\nIN NO EVENT SHALL THE AUTHORS OR COPYRIGHT HOLDERS BE LIABLE FOR ANY\nCLAIM, DAMAGES OR OTHER LIABILITY, WHETHER IN AN ACTION OF CONTRACT,\nTORT OR OTHERWISE, ARISING FROM, OUT OF OR IN CONNECTION WITH THE\nSOFTWARE OR THE USE OR OTHER DEALINGS IN THE SOFTWARE.\n',
35 silly resolved     readmeFilename: 'Readme.md',
35 silly resolved     bugs: { url: 'https://github.com/LearnBoost/stylus/issues' },
35 silly resolved     _id: 'stylus@0.38.0',
35 silly resolved     _from: 'stylus@' } ]
36 info install stylus@0.38.0 into /usr/local/lib
37 info installOne stylus@0.38.0
38 info /usr/local/lib/node_modules/stylus unbuild
39 verbose tar unpack /Users/tobeyouth/.npm/stylus/0.38.0/package.tgz
40 silly lockFile 4aac4a2d-sr-local-lib-node-modules-stylus tar:///usr/local/lib/node_modules/stylus
41 verbose lock tar:///usr/local/lib/node_modules/stylus /Users/tobeyouth/.npm/4aac4a2d-sr-local-lib-node-modules-stylus.lock
42 silly lockFile 224ebd55-th-npm-stylus-0-38-0-package-tgz tar:///Users/tobeyouth/.npm/stylus/0.38.0/package.tgz
43 verbose lock tar:///Users/tobeyouth/.npm/stylus/0.38.0/package.tgz /Users/tobeyouth/.npm/224ebd55-th-npm-stylus-0-38-0-package-tgz.lock
44 silly gunzTarPerm modes [ '755', '644' ]
45 error Error: EACCES, mkdir '/usr/local/lib/node_modules/stylus'
45 error  { [Error: EACCES, mkdir '/usr/local/lib/node_modules/stylus']
45 error   errno: 3,
45 error   code: 'EACCES',
45 error   path: '/usr/local/lib/node_modules/stylus',
45 error   fstream_type: 'Directory',
45 error   fstream_path: '/usr/local/lib/node_modules/stylus',
45 error   fstream_class: 'DirWriter',
45 error   fstream_stack:
45 error    [ '/usr/local/lib/node_modules/npm/node_modules/fstream/lib/dir-writer.js:36:23',
45 error      '/usr/local/lib/node_modules/npm/node_modules/mkdirp/index.js:37:53',
45 error      'Object.oncomplete (fs.js:107:15)' ] }
46 error Please try running this command again as root/Administrator.
47 error System Darwin 12.4.0
48 error command "node" "/usr/local/bin/npm" "install" "-g" "stylus"
49 error cwd /Users/tobeyouth/project/youtangUED
50 error node -v v0.10.13
51 error npm -v 1.3.2
52 error path /usr/local/lib/node_modules/stylus
53 error fstream_path /usr/local/lib/node_modules/stylus
54 error fstream_type Directory
55 error fstream_class DirWriter
56 error code EACCES
57 error errno 3
58 error stack Error: EACCES, mkdir '/usr/local/lib/node_modules/stylus'
59 error fstream_stack /usr/local/lib/node_modules/npm/node_modules/fstream/lib/dir-writer.js:36:23
59 error fstream_stack /usr/local/lib/node_modules/npm/node_modules/mkdirp/index.js:37:53
59 error fstream_stack Object.oncomplete (fs.js:107:15)
60 verbose exit [ 3, true ]
